<?xml version="1.0" encoding="UTF-8"?>
<!-- Generated by org.testng.reporters.JUnitXMLReporter -->
<testsuite hostname="LAPTOP-DKIAAQ84" ignored="8" name="Test" tests="2" failures="0" timestamp="2022-01-18T17:38:56 IST" time="32.629" errors="0">
  <testcase name="productByUnitPrice" time="8.934" classname="practice.SearchProductByUnitPriceTest"/>
  <testcase name="productByCommisionRate" time="9.845" classname="practice.SearchProductByCommisionRateTest"/>
  <testcase name="@BeforeSuite configBs" time="0.0" classname="genericUtility.BaseClass">
    <ignored/>
  </testcase> <!-- @BeforeSuite configBs -->
  <testcase name="@BeforeSuite configBs" time="0.0" classname="genericUtility.BaseClass">
    <ignored/>
  </testcase> <!-- @BeforeSuite configBs -->
  <testcase name="@BeforeSuite configBs" time="0.0" classname="genericUtility.BaseClass">
    <ignored/>
  </testcase> <!-- @BeforeSuite configBs -->
  <testcase name="@AfterSuite configAs" time="0.0" classname="genericUtility.BaseClass">
    <ignored/>
  </testcase> <!-- @AfterSuite configAs -->
  <testcase name="@AfterSuite configAs" time="0.0" classname="genericUtility.BaseClass">
    <ignored/>
  </testcase> <!-- @AfterSuite configAs -->
  <testcase name="@AfterSuite configAs" time="0.0" classname="genericUtility.BaseClass">
    <ignored/>
  </testcase> <!-- @AfterSuite configAs -->
  <testcase name="productByQtyOrUnit" time="0.0" classname="practice.SearchProductByQtyOrUnitTest">
    <ignored/>
  </testcase> <!-- productByQtyOrUnit -->
  <testcase name="productByQtyInStock" time="0.0" classname="practice.SearchProductByQtyInStockTest">
    <ignored/>
  </testcase> <!-- productByQtyInStock -->
</testsuite> <!-- Test -->
